22:01:39	/wm2014/index.php5	ERR	Fehler beim Ausführen eines SQL ohne Rückgabe :
                           SQL: SET CHARACTER SET 'utf8'
                           ADODB-Meldung: Unknown MySQL server host 'XXXXXX' (1)
22:01:39	/wm2014/index.php5	ERR	Fehler beim DB-Verbindungsaufbau zu XXXXXX:3306.XXXXXX als XXXXXX
22:01:39	/wm2014/index.php5	EXC	Fehler beim DB-Verbindungsaufbau
22:12:13	/wm2014/index.php5	ERR	Fehler beim Ausführen eines SQL ohne Rückgabe :
                           SQL: SET CHARACTER SET 'utf8'
                           ADODB-Meldung: Unknown MySQL server host 'XXXXXX' (1)
22:12:13	/wm2014/index.php5	ERR	Fehler beim DB-Verbindungsaufbau zu XXXXXX:3306.XXXXXX als XXXXXX
22:12:13	/wm2014/index.php5	EXC	Fehler beim DB-Verbindungsaufbau
22:12:21	/wm2014/index.php5	ERR	Fehler beim Ausführen eines SQL ohne Rückgabe :
                           SQL: SET CHARACTER SET 'utf8'
                           ADODB-Meldung: Access denied for user 'dbo245756620'@'212.227.34.109' (using password: YES)
22:12:21	/wm2014/index.php5	ERR	Fehler beim DB-Verbindungsaufbau zu db1495.1und1.de:3306.db245756620 als dbo245756620
22:12:21	/wm2014/index.php5	EXC	Fehler beim DB-Verbindungsaufbau
22:12:53	/wm2014/index.php5	ERR	Fehler beim Ausführen eines SQL ohne Rückgabe :
                           SQL: SET CHARACTER SET 'utf8'
                           ADODB-Meldung: Access denied for user 'dbo245756620'@'212.227.34.109' (using password: YES)
22:12:53	/wm2014/index.php5	ERR	Fehler beim DB-Verbindungsaufbau zu db1495.1und1.de:3306.db245756620 als dbo245756620
22:12:53	/wm2014/index.php5	EXC	Fehler beim DB-Verbindungsaufbau
22:12:57	/wm2014/index.php5	ERR	Fehler beim Ausführen eines SQL ohne Rückgabe :
                           SQL: SET CHARACTER SET 'utf8'
                           ADODB-Meldung: Access denied for user 'dbo245756620'@'212.227.34.109' (using password: YES)
22:12:57	/wm2014/index.php5	ERR	Fehler beim DB-Verbindungsaufbau zu db1495.1und1.de:3306.db245756620 als dbo245756620
22:12:57	/wm2014/index.php5	EXC	Fehler beim DB-Verbindungsaufbau
22:19:02	/wm2014/spielplan.php5	EXC	Ungültiger TeamType ('') übergeben! SpielNr: 28. Bitte Kuerzel prüfen.
22:19:11	/wm2014/spielplan.php5	EXC	Ungültiger TeamType ('') übergeben! SpielNr: 28. Bitte Kuerzel prüfen.
22:22:40	/wm2014/spielplan.php5	EXC	Ungültiger TeamType ('') übergeben! SpielNr: 32. Bitte Kuerzel prüfen.
22:25:12	/wm2014/spielplan.php5	EXC	Ungültiger TeamType ('') übergeben! SpielNr: 43. Bitte Kuerzel prüfen.
22:25:51	/wm2014/spielplan.php5	EXC	Ungültiger TeamType ('') übergeben! SpielNr: 49. Bitte Kuerzel prüfen.
22:26:34	/wm2014/neuerspieler.php5	UMX	Ein Benutzer mit der E-Mail-Adresse philipp@crocoll.net existiert bereits.
22:32:10	/wm2014/spielplan.php5	EXC	Ungültiger TeamType ('') übergeben! SpielNr: 49. Bitte Kuerzel prüfen.
22:36:26	/wm2014/spielplan.php5	EXC	Ungültiger TeamType ('') übergeben! SpielNr: 49. Bitte Kuerzel prüfen.
22:36:34	/wm2014/spielplan.php5	EXC	Ungültiger TeamType ('') übergeben! SpielNr: 49. Bitte Kuerzel prüfen.
